
[WARN] | 08-11-2022 20:16 | pid: 6832: Mongo model container: error in getting messages (getBy(options)): TypeError: data.toObject is not a function
[WARN] | 10-11-2022 19:46 | pid: 12996: error in getting messages (messagesModel.DAO): CastError: Cast to string failed for value "{ customerEmail: 'pepe@mail.com' }" (type Object) at path "email" for model "message"
[ERROR] | 11-11-2022 00:09 | pid: 12928: ReferenceError: C:\Users\Ramiro Porta\Desktop\proyectos\Backend-Coderhouse\Entregas\ProyectoFinal\src\views\config.ejs:15
    13|         <h1>Info del process: </h1>
    14|         <ul>
 >> 15|             <li>Argumentos de entrada: <%= processInfo.args %></li>
    16|             <li>Nombre de la plataforma (sistema operativo): <%= processInfo.platform %></li>
    17|             <li>Versión de node.js: <%= processInfo.version %></li>
    18|             <li>Memoria total reservada (rss): <%= processInfo.rss %></li>

processInfo is not defined
    at eval (eval at compile (C:\Users\Ramiro Porta\Desktop\proyectos\Backend-Coderhouse\Entregas\ProyectoFinal\node_modules\ejs\lib\ejs.js:673:12), <anonymous>:12:26)
    at config (C:\Users\Ramiro Porta\Desktop\proyectos\Backend-Coderhouse\Entregas\ProyectoFinal\node_modules\ejs\lib\ejs.js:703:17)
    at tryHandleCache (C:\Users\Ramiro Porta\Desktop\proyectos\Backend-Coderhouse\Entregas\ProyectoFinal\node_modules\ejs\lib\ejs.js:274:36)
    at View.exports.renderFile [as engine] (C:\Users\Ramiro Porta\Desktop\proyectos\Backend-Coderhouse\Entregas\ProyectoFinal\node_modules\ejs\lib\ejs.js:491:10)
    at View.render (C:\Users\Ramiro Porta\Desktop\proyectos\Backend-Coderhouse\Entregas\ProyectoFinal\node_modules\express\lib\view.js:135:8)
    at tryRender (C:\Users\Ramiro Porta\Desktop\proyectos\Backend-Coderhouse\Entregas\ProyectoFinal\node_modules\express\lib\application.js:657:10)
    at Function.render (C:\Users\Ramiro Porta\Desktop\proyectos\Backend-Coderhouse\Entregas\ProyectoFinal\node_modules\express\lib\application.js:609:3)
    at ServerResponse.render (C:\Users\Ramiro Porta\Desktop\proyectos\Backend-Coderhouse\Entregas\ProyectoFinal\node_modules\express\lib\response.js:1039:7)
    at file:///C:/Users/Ramiro%20Porta/Desktop/proyectos/Backend-Coderhouse/Entregas/ProyectoFinal/src/routes/config.router.js:6:34
    at Layer.handle [as handle_request] (C:\Users\Ramiro Porta\Desktop\proyectos\Backend-Coderhouse\Entregas\ProyectoFinal\node_modules\express\lib\router\layer.js:95:5)
[ERROR] | 11-11-2022 00:16 | pid: 8880: ReferenceError: C:\Users\Ramiro Porta\Desktop\proyectos\Backend-Coderhouse\Entregas\ProyectoFinal\src\views\config.ejs:15
    13|         <h1>Info del process: </h1>
    14|         <ul>
 >> 15|             <li>Argumentos de entrada: <%= processInfo.args %></li>
    16|             <li>Nombre de la plataforma (sistema operativo): <%= processInfo.platform %></li>
    17|             <li>Versión de node.js: <%= processInfo.version %></li>
    18|             <li>Memoria total reservada (rss): <%= processInfo.rss %></li>

processInfo is not defined
    at eval (eval at compile (C:\Users\Ramiro Porta\Desktop\proyectos\Backend-Coderhouse\Entregas\ProyectoFinal\node_modules\ejs\lib\ejs.js:673:12), <anonymous>:12:26)
    at config (C:\Users\Ramiro Porta\Desktop\proyectos\Backend-Coderhouse\Entregas\ProyectoFinal\node_modules\ejs\lib\ejs.js:703:17)
    at tryHandleCache (C:\Users\Ramiro Porta\Desktop\proyectos\Backend-Coderhouse\Entregas\ProyectoFinal\node_modules\ejs\lib\ejs.js:274:36)
    at View.exports.renderFile [as engine] (C:\Users\Ramiro Porta\Desktop\proyectos\Backend-Coderhouse\Entregas\ProyectoFinal\node_modules\ejs\lib\ejs.js:491:10)
    at View.render (C:\Users\Ramiro Porta\Desktop\proyectos\Backend-Coderhouse\Entregas\ProyectoFinal\node_modules\express\lib\view.js:135:8)
    at tryRender (C:\Users\Ramiro Porta\Desktop\proyectos\Backend-Coderhouse\Entregas\ProyectoFinal\node_modules\express\lib\application.js:657:10)
    at Function.render (C:\Users\Ramiro Porta\Desktop\proyectos\Backend-Coderhouse\Entregas\ProyectoFinal\node_modules\express\lib\application.js:609:3)
    at ServerResponse.render (C:\Users\Ramiro Porta\Desktop\proyectos\Backend-Coderhouse\Entregas\ProyectoFinal\node_modules\express\lib\response.js:1039:7)
    at file:///C:/Users/Ramiro%20Porta/Desktop/proyectos/Backend-Coderhouse/Entregas/ProyectoFinal/src/routes/config.router.js:6:34
    at Layer.handle [as handle_request] (C:\Users\Ramiro Porta\Desktop\proyectos\Backend-Coderhouse\Entregas\ProyectoFinal\node_modules\express\lib\router\layer.js:95:5)
